<?xml version="1.0" encoding="UTF-8"?>
<!-- Generated by org.testng.reporters.JUnitReportReporter -->
<testsuite hostname="NSHAIKH-L1-3528" failures="0" tests="1" name="important.PS1" time="0.016" errors="0" timestamp="2024-12-06T16:21:26 IST" skipped="0">
  <testcase classname="important.PS1" name="testRun" time="0.016"/>
  <system-out/>
</testsuite> <!-- important.PS1 -->
