<?xml version="1.0" encoding="UTF-8"?>
<!-- Generated by org.testng.reporters.JUnitReportReporter -->
<testsuite hostname="NSHAIKH-L1-3528" failures="0" tests="2" name="testNG.New1" time="0.012" errors="0" timestamp="2024-12-12T17:41:15 IST" skipped="0">
  <testcase classname="testNG.New1" name="AnotherDemo" time="0.009"/>
  <system-out/>
  <testcase classname="testNG.New1" name="Demo" time="0.003"/>
  <system-out/>
</testsuite> <!-- testNG.New1 -->
