<?xml version="1.0" encoding="UTF-8"?>
<!-- Generated by org.testng.reporters.JUnitReportReporter -->
<testsuite hostname="NSHAIKH-L1-3528" failures="0" tests="1" name="testNG.New4" time="0.002" errors="0" timestamp="2024-12-12T17:41:15 IST" skipped="0">
  <testcase classname="testNG.New4" name="LearnAPI" time="0.002"/>
  <system-out/>
</testsuite> <!-- testNG.New4 -->
